<?xml version="1.0" encoding="UTF-8"?>
<!-- Generated by org.testng.reporters.JUnitXMLReporter -->
<testsuite hostname="Bair" name="Surefire test" tests="34" failures="0" timestamp="14 Dec 2017 20:21:49 GMT" time="0.783" errors="0">
  <testcase name="testNegativeDivision on testNegativeDivision(com.exercise.maven.project_final_assignment_OOP.CalculatorTestClasses.BasicOperationsDivisionTest)" time="0.061" classname="com.exercise.maven.project_final_assignment_OOP.CalculatorTestClasses.BasicOperationsDivisionTest"/>
  <testcase name="testDivisionWithDividend0 on testDivisionWithDividend0(com.exercise.maven.project_final_assignment_OOP.CalculatorTestClasses.BasicOperationsDivisionTest)" time="0.043" classname="com.exercise.maven.project_final_assignment_OOP.CalculatorTestClasses.BasicOperationsDivisionTest"/>
  <testcase name="testPositiveDivision on testPositiveDivision(com.exercise.maven.project_final_assignment_OOP.CalculatorTestClasses.BasicOperationsDivisionTest)" time="0.036" classname="com.exercise.maven.project_final_assignment_OOP.CalculatorTestClasses.BasicOperationsDivisionTest"/>
  <testcase name="testDivisionWithDivisor0 on testDivisionWithDivisor0(com.exercise.maven.project_final_assignment_OOP.CalculatorTestClasses.BasicOperationsDivisionTest)" time="0.007" classname="com.exercise.maven.project_final_assignment_OOP.CalculatorTestClasses.BasicOperationsDivisionTest"/>
  <testcase name="testNegativeSquareOf on testNegativeSquareOf(com.exercise.maven.project_final_assignment_OOP.CalculatorTestClasses.AdvancedOperationsSquareOfTest)" time="0.027" classname="com.exercise.maven.project_final_assignment_OOP.CalculatorTestClasses.AdvancedOperationsSquareOfTest"/>
  <testcase name="testSquareOfWithBase0 on testSquareOfWithBase0(com.exercise.maven.project_final_assignment_OOP.CalculatorTestClasses.AdvancedOperationsSquareOfTest)" time="0.0" classname="com.exercise.maven.project_final_assignment_OOP.CalculatorTestClasses.AdvancedOperationsSquareOfTest"/>
  <testcase name="testPositiveSquareOf on testPositiveSquareOf(com.exercise.maven.project_final_assignment_OOP.CalculatorTestClasses.AdvancedOperationsSquareOfTest)" time="0.039" classname="com.exercise.maven.project_final_assignment_OOP.CalculatorTestClasses.AdvancedOperationsSquareOfTest"/>
  <testcase name="testNegativeCubeOf on testNegativeCubeOf(com.exercise.maven.project_final_assignment_OOP.CalculatorTestClasses.AdvancedOperationsCubeOfTest)" time="0.02" classname="com.exercise.maven.project_final_assignment_OOP.CalculatorTestClasses.AdvancedOperationsCubeOfTest"/>
  <testcase name="testPositiveCubeOf on testPositiveCubeOf(com.exercise.maven.project_final_assignment_OOP.CalculatorTestClasses.AdvancedOperationsCubeOfTest)" time="0.034" classname="com.exercise.maven.project_final_assignment_OOP.CalculatorTestClasses.AdvancedOperationsCubeOfTest"/>
  <testcase name="testCubeOfWithBase0 on testCubeOfWithBase0(com.exercise.maven.project_final_assignment_OOP.CalculatorTestClasses.AdvancedOperationsCubeOfTest)" time="0.0" classname="com.exercise.maven.project_final_assignment_OOP.CalculatorTestClasses.AdvancedOperationsCubeOfTest"/>
  <testcase name="testRandom0to1 on testRandom0to1(com.exercise.maven.project_final_assignment_OOP.CalculatorTestClasses.AdvancedOperationsRandomTest)" time="0.027" classname="com.exercise.maven.project_final_assignment_OOP.CalculatorTestClasses.AdvancedOperationsRandomTest"/>
  <testcase name="testMultiplicationWithFirstFactor0 on testMultiplicationWithFirstFactor0(com.exercise.maven.project_final_assignment_OOP.CalculatorTestClasses.BasicOperationsMultiplicationTest)" time="0.022" classname="com.exercise.maven.project_final_assignment_OOP.CalculatorTestClasses.BasicOperationsMultiplicationTest"/>
  <testcase name="testPositiveMultiplication on testPositiveMultiplication(com.exercise.maven.project_final_assignment_OOP.CalculatorTestClasses.BasicOperationsMultiplicationTest)" time="0.015" classname="com.exercise.maven.project_final_assignment_OOP.CalculatorTestClasses.BasicOperationsMultiplicationTest"/>
  <testcase name="testMultiplicationWithSecondFactor0 on testMultiplicationWithSecondFactor0(com.exercise.maven.project_final_assignment_OOP.CalculatorTestClasses.BasicOperationsMultiplicationTest)" time="0.01" classname="com.exercise.maven.project_final_assignment_OOP.CalculatorTestClasses.BasicOperationsMultiplicationTest"/>
  <testcase name="testNegativeMultiplication on testNegativeMultiplication(com.exercise.maven.project_final_assignment_OOP.CalculatorTestClasses.BasicOperationsMultiplicationTest)" time="0.008" classname="com.exercise.maven.project_final_assignment_OOP.CalculatorTestClasses.BasicOperationsMultiplicationTest"/>
  <testcase name="testNegativePowerOfTen on testNegativePowerOfTen(com.exercise.maven.project_final_assignment_OOP.CalculatorTestClasses.AdvancedOperationsPowerOfTenTest)" time="0.021" classname="com.exercise.maven.project_final_assignment_OOP.CalculatorTestClasses.AdvancedOperationsPowerOfTenTest"/>
  <testcase name="testPositivePowerOfTen on testPositivePowerOfTen(com.exercise.maven.project_final_assignment_OOP.CalculatorTestClasses.AdvancedOperationsPowerOfTenTest)" time="0.009" classname="com.exercise.maven.project_final_assignment_OOP.CalculatorTestClasses.AdvancedOperationsPowerOfTenTest"/>
  <testcase name="testPowerOfTenWithExponent0 on testPowerOfTenWithExponent0(com.exercise.maven.project_final_assignment_OOP.CalculatorTestClasses.AdvancedOperationsPowerOfTenTest)" time="0.0" classname="com.exercise.maven.project_final_assignment_OOP.CalculatorTestClasses.AdvancedOperationsPowerOfTenTest"/>
  <testcase name="testAdditionWithSecondSummand0 on testAdditionWithSecondSummand0(com.exercise.maven.project_final_assignment_OOP.CalculatorTestClasses.BasicOperationsAdditionTest)" time="0.018" classname="com.exercise.maven.project_final_assignment_OOP.CalculatorTestClasses.BasicOperationsAdditionTest"/>
  <testcase name="testNegativeAddition on testNegativeAddition(com.exercise.maven.project_final_assignment_OOP.CalculatorTestClasses.BasicOperationsAdditionTest)" time="0.01" classname="com.exercise.maven.project_final_assignment_OOP.CalculatorTestClasses.BasicOperationsAdditionTest"/>
  <testcase name="testPositiveAddition on testPositiveAddition(com.exercise.maven.project_final_assignment_OOP.CalculatorTestClasses.BasicOperationsAdditionTest)" time="0.01" classname="com.exercise.maven.project_final_assignment_OOP.CalculatorTestClasses.BasicOperationsAdditionTest"/>
  <testcase name="testAdditionWithFirstSummand0 on testAdditionWithFirstSummand0(com.exercise.maven.project_final_assignment_OOP.CalculatorTestClasses.BasicOperationsAdditionTest)" time="0.02" classname="com.exercise.maven.project_final_assignment_OOP.CalculatorTestClasses.BasicOperationsAdditionTest"/>
  <testcase name="testNegativeRemainder on testNegativeRemainder(com.exercise.maven.project_final_assignment_OOP.CalculatorTestClasses.AdvancedOperationsRemainderTest)" time="0.011" classname="com.exercise.maven.project_final_assignment_OOP.CalculatorTestClasses.AdvancedOperationsRemainderTest"/>
  <testcase name="testRemainderWithDividend0 on testRemainderWithDividend0(com.exercise.maven.project_final_assignment_OOP.CalculatorTestClasses.AdvancedOperationsRemainderTest)" time="0.009" classname="com.exercise.maven.project_final_assignment_OOP.CalculatorTestClasses.AdvancedOperationsRemainderTest"/>
  <testcase name="testRemainderWithDivisor0 on testRemainderWithDivisor0(com.exercise.maven.project_final_assignment_OOP.CalculatorTestClasses.AdvancedOperationsRemainderTest)" time="0.0" classname="com.exercise.maven.project_final_assignment_OOP.CalculatorTestClasses.AdvancedOperationsRemainderTest"/>
  <testcase name="testPositiveRemainder on testPositiveRemainder(com.exercise.maven.project_final_assignment_OOP.CalculatorTestClasses.AdvancedOperationsRemainderTest)" time="0.03" classname="com.exercise.maven.project_final_assignment_OOP.CalculatorTestClasses.AdvancedOperationsRemainderTest"/>
  <testcase name="testSubtractionWithMinuend0 on testSubtractionWithMinuend0(com.exercise.maven.project_final_assignment_OOP.CalculatorTestClasses.BasicOperationsSubtractionTest)" time="0.009" classname="com.exercise.maven.project_final_assignment_OOP.CalculatorTestClasses.BasicOperationsSubtractionTest"/>
  <testcase name="testNegativeSubtraction on testNegativeSubtraction(com.exercise.maven.project_final_assignment_OOP.CalculatorTestClasses.BasicOperationsSubtractionTest)" time="0.006" classname="com.exercise.maven.project_final_assignment_OOP.CalculatorTestClasses.BasicOperationsSubtractionTest"/>
  <testcase name="testPositiveSubtraction on testPositiveSubtraction(com.exercise.maven.project_final_assignment_OOP.CalculatorTestClasses.BasicOperationsSubtractionTest)" time="0.007" classname="com.exercise.maven.project_final_assignment_OOP.CalculatorTestClasses.BasicOperationsSubtractionTest"/>
  <testcase name="testSubtractionWithSubtrahend0 on testSubtractionWithSubtrahend0(com.exercise.maven.project_final_assignment_OOP.CalculatorTestClasses.BasicOperationsSubtractionTest)" time="0.011" classname="com.exercise.maven.project_final_assignment_OOP.CalculatorTestClasses.BasicOperationsSubtractionTest"/>
  <testcase name="testPositivePowerOf on testPositivePowerOf(com.exercise.maven.project_final_assignment_OOP.CalculatorTestClasses.AdvancedOperationsPowerOfTest)" time="0.009" classname="com.exercise.maven.project_final_assignment_OOP.CalculatorTestClasses.AdvancedOperationsPowerOfTest"/>
  <testcase name="testNegativePowerOf on testNegativePowerOf(com.exercise.maven.project_final_assignment_OOP.CalculatorTestClasses.AdvancedOperationsPowerOfTest)" time="0.008" classname="com.exercise.maven.project_final_assignment_OOP.CalculatorTestClasses.AdvancedOperationsPowerOfTest"/>
  <testcase name="testPowerOfWithBase0 on testPowerOfWithBase0(com.exercise.maven.project_final_assignment_OOP.CalculatorTestClasses.AdvancedOperationsPowerOfTest)" time="0.012" classname="com.exercise.maven.project_final_assignment_OOP.CalculatorTestClasses.AdvancedOperationsPowerOfTest"/>
  <testcase name="testPowerOfWithExponent0 on testPowerOfWithExponent0(com.exercise.maven.project_final_assignment_OOP.CalculatorTestClasses.AdvancedOperationsPowerOfTest)" time="0.019" classname="com.exercise.maven.project_final_assignment_OOP.CalculatorTestClasses.AdvancedOperationsPowerOfTest"/>
</testsuite> <!-- Surefire test -->
