<?xml version="1.0" encoding="UTF-8"?>
<testsuite name="TestSuite" time="0.555" tests="34" errors="0" skipped="0" failures="0">
  <properties>
[...]
</properties>
  <testcase name="testNegativeDivision on testNegativeDivision(com.exercise.maven.project_final_assignment_OOP.CalculatorTestClasses.BasicOperationsDivisionTest)" classname="com.exercise.maven.project_final_assignment_OOP.CalculatorTestClasses.BasicOperationsDivisionTest" time="0.057"/>
  <testcase name="testDivisionWithDividend0 on testDivisionWithDividend0(com.exercise.maven.project_final_assignment_OOP.CalculatorTestClasses.BasicOperationsDivisionTest)" classname="com.exercise.maven.project_final_assignment_OOP.CalculatorTestClasses.BasicOperationsDivisionTest" time="0.041"/>
  <testcase name="testPositiveDivision on testPositiveDivision(com.exercise.maven.project_final_assignment_OOP.CalculatorTestClasses.BasicOperationsDivisionTest)" classname="com.exercise.maven.project_final_assignment_OOP.CalculatorTestClasses.BasicOperationsDivisionTest" time="0.036"/>
  <testcase name="testDivisionWithDivisor0 on testDivisionWithDivisor0(com.exercise.maven.project_final_assignment_OOP.CalculatorTestClasses.BasicOperationsDivisionTest)" classname="com.exercise.maven.project_final_assignment_OOP.CalculatorTestClasses.BasicOperationsDivisionTest" time="0.006"/>
  <testcase name="testNegativeSquareOf on testNegativeSquareOf(com.exercise.maven.project_final_assignment_OOP.CalculatorTestClasses.AdvancedOperationsSquareOfTest)" classname="com.exercise.maven.project_final_assignment_OOP.CalculatorTestClasses.AdvancedOperationsSquareOfTest" time="0.027"/>
  <testcase name="testSquareOfWithBase0 on testSquareOfWithBase0(com.exercise.maven.project_final_assignment_OOP.CalculatorTestClasses.AdvancedOperationsSquareOfTest)" classname="com.exercise.maven.project_final_assignment_OOP.CalculatorTestClasses.AdvancedOperationsSquareOfTest" time="0"/>
  <testcase name="testPositiveSquareOf on testPositiveSquareOf(com.exercise.maven.project_final_assignment_OOP.CalculatorTestClasses.AdvancedOperationsSquareOfTest)" classname="com.exercise.maven.project_final_assignment_OOP.CalculatorTestClasses.AdvancedOperationsSquareOfTest" time="0.04"/>
  <testcase name="testNegativeCubeOf on testNegativeCubeOf(com.exercise.maven.project_final_assignment_OOP.CalculatorTestClasses.AdvancedOperationsCubeOfTest)" classname="com.exercise.maven.project_final_assignment_OOP.CalculatorTestClasses.AdvancedOperationsCubeOfTest" time="0.02"/>
  <testcase name="testPositiveCubeOf on testPositiveCubeOf(com.exercise.maven.project_final_assignment_OOP.CalculatorTestClasses.AdvancedOperationsCubeOfTest)" classname="com.exercise.maven.project_final_assignment_OOP.CalculatorTestClasses.AdvancedOperationsCubeOfTest" time="0.036"/>
  <testcase name="testCubeOfWithBase0 on testCubeOfWithBase0(com.exercise.maven.project_final_assignment_OOP.CalculatorTestClasses.AdvancedOperationsCubeOfTest)" classname="com.exercise.maven.project_final_assignment_OOP.CalculatorTestClasses.AdvancedOperationsCubeOfTest" time="0"/>
  <testcase name="testRandom0to1 on testRandom0to1(com.exercise.maven.project_final_assignment_OOP.CalculatorTestClasses.AdvancedOperationsRandomTest)" classname="com.exercise.maven.project_final_assignment_OOP.CalculatorTestClasses.AdvancedOperationsRandomTest" time="0.028"/>
  <testcase name="testMultiplicationWithFirstFactor0 on testMultiplicationWithFirstFactor0(com.exercise.maven.project_final_assignment_OOP.CalculatorTestClasses.BasicOperationsMultiplicationTest)" classname="com.exercise.maven.project_final_assignment_OOP.CalculatorTestClasses.BasicOperationsMultiplicationTest" time="0.018"/>
  <testcase name="testPositiveMultiplication on testPositiveMultiplication(com.exercise.maven.project_final_assignment_OOP.CalculatorTestClasses.BasicOperationsMultiplicationTest)" classname="com.exercise.maven.project_final_assignment_OOP.CalculatorTestClasses.BasicOperationsMultiplicationTest" time="0.014"/>
  <testcase name="testMultiplicationWithSecondFactor0 on testMultiplicationWithSecondFactor0(com.exercise.maven.project_final_assignment_OOP.CalculatorTestClasses.BasicOperationsMultiplicationTest)" classname="com.exercise.maven.project_final_assignment_OOP.CalculatorTestClasses.BasicOperationsMultiplicationTest" time="0.009"/>
  <testcase name="testNegativeMultiplication on testNegativeMultiplication(com.exercise.maven.project_final_assignment_OOP.CalculatorTestClasses.BasicOperationsMultiplicationTest)" classname="com.exercise.maven.project_final_assignment_OOP.CalculatorTestClasses.BasicOperationsMultiplicationTest" time="0.009"/>
  <testcase name="testNegativePowerOfTen on testNegativePowerOfTen(com.exercise.maven.project_final_assignment_OOP.CalculatorTestClasses.AdvancedOperationsPowerOfTenTest)" classname="com.exercise.maven.project_final_assignment_OOP.CalculatorTestClasses.AdvancedOperationsPowerOfTenTest" time="0.021"/>
  <testcase name="testPositivePowerOfTen on testPositivePowerOfTen(com.exercise.maven.project_final_assignment_OOP.CalculatorTestClasses.AdvancedOperationsPowerOfTenTest)" classname="com.exercise.maven.project_final_assignment_OOP.CalculatorTestClasses.AdvancedOperationsPowerOfTenTest" time="0.008"/>
  <testcase name="testPowerOfTenWithExponent0 on testPowerOfTenWithExponent0(com.exercise.maven.project_final_assignment_OOP.CalculatorTestClasses.AdvancedOperationsPowerOfTenTest)" classname="com.exercise.maven.project_final_assignment_OOP.CalculatorTestClasses.AdvancedOperationsPowerOfTenTest" time="0"/>
  <testcase name="testAdditionWithSecondSummand0 on testAdditionWithSecondSummand0(com.exercise.maven.project_final_assignment_OOP.CalculatorTestClasses.BasicOperationsAdditionTest)" classname="com.exercise.maven.project_final_assignment_OOP.CalculatorTestClasses.BasicOperationsAdditionTest" time="0.019"/>
  <testcase name="testNegativeAddition on testNegativeAddition(com.exercise.maven.project_final_assignment_OOP.CalculatorTestClasses.BasicOperationsAdditionTest)" classname="com.exercise.maven.project_final_assignment_OOP.CalculatorTestClasses.BasicOperationsAdditionTest" time="0.011"/>
  <testcase name="testPositiveAddition on testPositiveAddition(com.exercise.maven.project_final_assignment_OOP.CalculatorTestClasses.BasicOperationsAdditionTest)" classname="com.exercise.maven.project_final_assignment_OOP.CalculatorTestClasses.BasicOperationsAdditionTest" time="0.009"/>
  <testcase name="testAdditionWithFirstSummand0 on testAdditionWithFirstSummand0(com.exercise.maven.project_final_assignment_OOP.CalculatorTestClasses.BasicOperationsAdditionTest)" classname="com.exercise.maven.project_final_assignment_OOP.CalculatorTestClasses.BasicOperationsAdditionTest" time="0.019"/>
  <testcase name="testNegativeRemainder on testNegativeRemainder(com.exercise.maven.project_final_assignment_OOP.CalculatorTestClasses.AdvancedOperationsRemainderTest)" classname="com.exercise.maven.project_final_assignment_OOP.CalculatorTestClasses.AdvancedOperationsRemainderTest" time="0.011"/>
  <testcase name="testRemainderWithDividend0 on testRemainderWithDividend0(com.exercise.maven.project_final_assignment_OOP.CalculatorTestClasses.AdvancedOperationsRemainderTest)" classname="com.exercise.maven.project_final_assignment_OOP.CalculatorTestClasses.AdvancedOperationsRemainderTest" time="0.009"/>
  <testcase name="testRemainderWithDivisor0 on testRemainderWithDivisor0(com.exercise.maven.project_final_assignment_OOP.CalculatorTestClasses.AdvancedOperationsRemainderTest)" classname="com.exercise.maven.project_final_assignment_OOP.CalculatorTestClasses.AdvancedOperationsRemainderTest" time="0"/>
  <testcase name="testPositiveRemainder on testPositiveRemainder(com.exercise.maven.project_final_assignment_OOP.CalculatorTestClasses.AdvancedOperationsRemainderTest)" classname="com.exercise.maven.project_final_assignment_OOP.CalculatorTestClasses.AdvancedOperationsRemainderTest" time="0.029"/>
  <testcase name="testSubtractionWithMinuend0 on testSubtractionWithMinuend0(com.exercise.maven.project_final_assignment_OOP.CalculatorTestClasses.BasicOperationsSubtractionTest)" classname="com.exercise.maven.project_final_assignment_OOP.CalculatorTestClasses.BasicOperationsSubtractionTest" time="0.008"/>
  <testcase name="testNegativeSubtraction on testNegativeSubtraction(com.exercise.maven.project_final_assignment_OOP.CalculatorTestClasses.BasicOperationsSubtractionTest)" classname="com.exercise.maven.project_final_assignment_OOP.CalculatorTestClasses.BasicOperationsSubtractionTest" time="0.004"/>
  <testcase name="testPositiveSubtraction on testPositiveSubtraction(com.exercise.maven.project_final_assignment_OOP.CalculatorTestClasses.BasicOperationsSubtractionTest)" classname="com.exercise.maven.project_final_assignment_OOP.CalculatorTestClasses.BasicOperationsSubtractionTest" time="0.008"/>
  <testcase name="testSubtractionWithSubtrahend0 on testSubtractionWithSubtrahend0(com.exercise.maven.project_final_assignment_OOP.CalculatorTestClasses.BasicOperationsSubtractionTest)" classname="com.exercise.maven.project_final_assignment_OOP.CalculatorTestClasses.BasicOperationsSubtractionTest" time="0.01"/>
  <testcase name="testPositivePowerOf on testPositivePowerOf(com.exercise.maven.project_final_assignment_OOP.CalculatorTestClasses.AdvancedOperationsPowerOfTest)" classname="com.exercise.maven.project_final_assignment_OOP.CalculatorTestClasses.AdvancedOperationsPowerOfTest" time="0.009"/>
  <testcase name="testNegativePowerOf on testNegativePowerOf(com.exercise.maven.project_final_assignment_OOP.CalculatorTestClasses.AdvancedOperationsPowerOfTest)" classname="com.exercise.maven.project_final_assignment_OOP.CalculatorTestClasses.AdvancedOperationsPowerOfTest" time="0.007"/>
  <testcase name="testPowerOfWithBase0 on testPowerOfWithBase0(com.exercise.maven.project_final_assignment_OOP.CalculatorTestClasses.AdvancedOperationsPowerOfTest)" classname="com.exercise.maven.project_final_assignment_OOP.CalculatorTestClasses.AdvancedOperationsPowerOfTest" time="0.014"/>
  <testcase name="testPowerOfWithExponent0 on testPowerOfWithExponent0(com.exercise.maven.project_final_assignment_OOP.CalculatorTestClasses.AdvancedOperationsPowerOfTest)" classname="com.exercise.maven.project_final_assignment_OOP.CalculatorTestClasses.AdvancedOperationsPowerOfTest" time="0.018"/>
</testsuite>